<?xml version="1.0" encoding="UTF-8"?>
<!-- Generated by org.testng.reporters.JUnitXMLReporter -->
<testsuite ignored="8" hostname="LAPTOP-INRID3BG" failures="0" tests="1" name="Default test" time="44.388" errors="0" timestamp="2024-04-15T11:12:32 IST">
  <testcase classname="testHRM.OrangeHRM" name="applyLeave" time="22.754"/>
  <testcase classname="testHRM.OrangeHRM" name="deleteEmployeeByName" time="0.0">
    <ignored/>
  </testcase> <!-- deleteEmployeeByName -->
  <testcase classname="testHRM.OrangeHRM" name="ListEmployee" time="0.0">
    <ignored/>
  </testcase> <!-- ListEmployee -->
  <testcase classname="testHRM.OrangeHRM" name="loginTestwithValidCredential" time="0.0">
    <ignored/>
  </testcase> <!-- loginTestwithValidCredential -->
  <testcase classname="testHRM.OrangeHRM" name="DologinTestwithInvalidCredential" time="0.0">
    <ignored/>
  </testcase> <!-- DologinTestwithInvalidCredential -->
  <testcase classname="testHRM.OrangeHRM" name="searchEmployeeById" time="0.0">
    <ignored/>
  </testcase> <!-- searchEmployeeById -->
  <testcase classname="testHRM.OrangeHRM" name="searchEmployeeByName" time="0.0">
    <ignored/>
  </testcase> <!-- searchEmployeeByName -->
  <testcase classname="testHRM.OrangeHRM" name="addEmployee" time="0.0">
    <ignored/>
  </testcase> <!-- addEmployee -->
  <testcase classname="testHRM.OrangeHRM" name="fileUpload" time="0.0">
    <ignored/>
  </testcase> <!-- fileUpload -->
</testsuite> <!-- Default test -->
