<?xml version="1.0" encoding="UTF-8"?>
<testng-results ignored="0" total="1" passed="1" failed="0" skipped="0">
  <reporter-output>
  </reporter-output>
  <suite started-at="2024-04-15T11:11:48 IST" name="Default suite" finished-at="2024-04-15T11:12:32 IST" duration-ms="44388">
    <groups>
    </groups>
    <test started-at="2024-04-15T11:11:48 IST" name="Default test" finished-at="2024-04-15T11:12:32 IST" duration-ms="44388">
      <class name="testHRM.OrangeHRM">
        <test-method is-config="true" signature="setUp()[pri:0, instance:testHRM.OrangeHRM@40005471]" started-at="2024-04-15T11:11:48 IST" name="setUp" finished-at="2024-04-15T11:12:03 IST" duration-ms="14859" status="PASS">
          <reporter-output>
          </reporter-output>
        </test-method> <!-- setUp -->
        <test-method signature="applyLeave()[pri:9, instance:testHRM.OrangeHRM@40005471]" started-at="2024-04-15T11:12:03 IST" name="applyLeave" finished-at="2024-04-15T11:12:25 IST" duration-ms="22754" status="PASS">
          <reporter-output>
          </reporter-output>
        </test-method> <!-- applyLeave -->
        <test-method is-config="true" signature="tearDown()[pri:0, instance:testHRM.OrangeHRM@40005471]" started-at="2024-04-15T11:12:25 IST" name="tearDown" finished-at="2024-04-15T11:12:32 IST" duration-ms="6571" status="PASS">
          <reporter-output>
          </reporter-output>
        </test-method> <!-- tearDown -->
      </class> <!-- testHRM.OrangeHRM -->
    </test> <!-- Default test -->
  </suite> <!-- Default suite -->
</testng-results>
